\BOOKMARK [0][]{section*.1}{\376\377\000L\000i\000s\000t\000\040\000o\000f\000\040\000T\000a\000b\000l\000e\000s}{}% 1
\BOOKMARK [0][]{section*.2}{\376\377\000L\000i\000s\000t\000\040\000o\000f\000\040\000F\000i\000g\000u\000r\000e\000s}{}% 2
\BOOKMARK [0][]{chapter.1}{\376\377\0001\000\040\000I\000n\000t\000r\000o\000d\000u\000c\000t\000i\000o\000n}{}% 3
\BOOKMARK [0][]{chapter.2}{\376\377\0002\000\040\000L\000i\000t\000e\000r\000a\000r\000y\000\040\000R\000e\000v\000i\000e\000w}{}% 4
\BOOKMARK [1][]{section.2.1}{\376\377\0002\000.\0001\000\040\000N\000a\000t\000i\000o\000n\000a\000l\000\040\000P\000o\000l\000i\000c\000y\000\040\000F\000r\000a\000m\000e\000w\000o\000r\000k\000s}{chapter.2}% 5
\BOOKMARK [2][]{subsection.2.1.1}{\376\377\0002\000.\0001\000.\0001\000\040\000I\000r\000e\000l\000a\000n\000d}{section.2.1}% 6
\BOOKMARK [2][]{subsection.2.1.2}{\376\377\0002\000.\0001\000.\0002\000\040\000F\000r\000a\000n\000c\000e}{section.2.1}% 7
\BOOKMARK [2][]{subsection.2.1.3}{\376\377\0002\000.\0001\000.\0003\000\040\000A\000u\000s\000t\000r\000a\000l\000i\000a}{section.2.1}% 8
\BOOKMARK [2][]{subsection.2.1.4}{\376\377\0002\000.\0001\000.\0004\000\040\000U\000n\000i\000t\000e\000d\000\040\000S\000t\000a\000t\000e\000s}{section.2.1}% 9
\BOOKMARK [1][]{section.2.2}{\376\377\0002\000.\0002\000\040\000E\000u\000r\000o\000p\000e\000a\000n\000\040\000P\000u\000b\000l\000i\000c\000\040\000S\000e\000n\000t\000i\000m\000e\000n\000t}{chapter.2}% 10
\BOOKMARK [2][]{subsection.2.2.1}{\376\377\0002\000.\0002\000.\0001\000\040\000E\000u\000r\000o\000p\000e\000a\000n\000-\000l\000e\000v\000e\000l\000\040\000e\000v\000i\000d\000e\000n\000c\000e}{section.2.2}% 11
\BOOKMARK [2][]{subsection.2.2.2}{\376\377\0002\000.\0002\000.\0002\000\040\000N\000a\000t\000i\000o\000n\000a\000l\000\040\000S\000e\000n\000t\000i\000m\000e\000n\000t\000\040\000P\000a\000t\000t\000e\000r\000n\000s\000\040\000i\000n\000\040\000I\000r\000e\000l\000a\000n\000d\000\040\000a\000n\000d\000\040\000F\000r\000a\000n\000c\000e}{section.2.2}% 12
\BOOKMARK [1][]{section.2.3}{\376\377\0002\000.\0003\000\040\000N\000L\000P\000\040\000f\000o\000r\000\040\000P\000o\000l\000i\000c\000y\000\040\000a\000n\000d\000\040\000S\000e\000n\000t\000i\000m\000e\000n\000t\000\040\000A\000n\000a\000l\000y\000s\000i\000s}{chapter.2}% 13
\BOOKMARK [2][]{subsection.2.3.1}{\376\377\0002\000.\0003\000.\0001\000\040\000C\000l\000a\000s\000s\000i\000c\000a\000l\000\040\000T\000e\000x\000t\000-\000a\000s\000-\000D\000a\000t\000a\000\040\000A\000p\000p\000r\000o\000a\000c\000h\000e\000s}{section.2.3}% 14
\BOOKMARK [2][]{subsection.2.3.2}{\376\377\0002\000.\0003\000.\0002\000\040\000L\000a\000n\000g\000u\000a\000g\000e\000\040\000M\000o\000d\000e\000l\000s\000\040\000f\000o\000r\000\040\000D\000i\000s\000c\000o\000u\000r\000s\000e\000\040\000A\000n\000a\000l\000y\000s\000i\000s}{section.2.3}% 15
\BOOKMARK [2][]{subsection.2.3.3}{\376\377\0002\000.\0003\000.\0003\000\040\000S\000e\000n\000t\000i\000m\000e\000n\000t\000\040\000A\000n\000a\000l\000y\000s\000i\000s\000\040\000a\000n\000d\000\040\000S\000t\000a\000k\000e\000h\000o\000l\000d\000e\000r\000\040\000A\000t\000t\000i\000t\000u\000d\000e\000s}{section.2.3}% 16
\BOOKMARK [2][]{subsection.2.3.4}{\376\377\0002\000.\0003\000.\0004\000\040\000S\000y\000n\000t\000h\000e\000t\000i\000c\000\040\000D\000a\000t\000a\000\040\000a\000n\000d\000\040\000F\000a\000i\000t\000h\000f\000u\000l\000n\000e\000s\000s\000\040\000E\000v\000a\000l\000u\000a\000t\000i\000o\000n}{section.2.3}% 17
\BOOKMARK [2][]{subsection.2.3.5}{\376\377\0002\000.\0003\000.\0005\000\040\000C\000a\000u\000s\000a\000l\000\040\000N\000L\000P\000\040\000a\000n\000d\000\040\000R\000e\000l\000a\000t\000i\000o\000n\000a\000l\000\040\000A\000n\000a\000l\000y\000s\000i\000s}{section.2.3}% 18
\BOOKMARK [2][]{subsection.2.3.6}{\376\377\0002\000.\0003\000.\0006\000\040\000K\000n\000o\000w\000l\000e\000d\000g\000e\000-\000B\000a\000s\000e\000d\000\040\000A\000l\000t\000e\000r\000n\000a\000t\000i\000v\000e\000s}{section.2.3}% 19
\BOOKMARK [0][]{chapter.3}{\376\377\0003\000\040\000M\000e\000t\000h\000o\000d\000o\000l\000o\000g\000y}{}% 20
\BOOKMARK [0][]{chapter.4}{\376\377\0004\000\040\000I\000m\000p\000l\000e\000m\000e\000n\000t\000a\000t\000i\000o\000n\000\040\000a\000n\000d\000\040\000R\000e\000s\000u\000l\000t\000s}{}% 21
\BOOKMARK [0][]{chapter.5}{\376\377\0005\000\040\000A\000n\000a\000l\000y\000s\000i\000s}{}% 22
\BOOKMARK [0][]{chapter.6}{\376\377\0006\000\040\000C\000o\000n\000c\000l\000u\000s\000i\000o\000n\000s}{}% 23
\BOOKMARK [0][]{chapter.7}{\376\377\0007\000\040\000C\000o\000n\000c\000l\000u\000s\000i\000o\000n\000\040\000a\000n\000d\000\040\000P\000e\000r\000s\000p\000e\000c\000t\000i\000v\000e\000s}{}% 24
\BOOKMARK [0][]{chapter*.9}{\376\377\000R\000e\000f\000e\000r\000e\000n\000c\000e\000s}{}% 25
